[0m20:52:06.957393 [debug] [MainThread]: Sending event: {'category': 'dbt', 'action': 'invocation', 'label': 'start', 'context': [<snowplow_tracker.self_describing_json.SelfDescribingJson object at 0x7f11eebfc350>, <snowplow_tracker.self_describing_json.SelfDescribingJson object at 0x7f11effa3c10>, <snowplow_tracker.self_describing_json.SelfDescribingJson object at 0x7f11efdc7490>]}


============================== 20:52:06.969589 | abc439ba-c1ba-42bb-b196-3d3e73f6ed5f ==============================
[0m20:52:06.969589 [info ] [MainThread]: Running with dbt=1.8.3
[0m20:52:06.970718 [debug] [MainThread]: running dbt with arguments {'printer_width': '80', 'indirect_selection': 'eager', 'write_json': 'True', 'log_cache_events': 'False', 'partial_parse': 'True', 'cache_selected_only': 'False', 'profiles_dir': '/usr/app/dbt', 'debug': 'False', 'warn_error': 'None', 'log_path': '/usr/app/dbt/logs', 'fail_fast': 'False', 'version_check': 'True', 'use_colors': 'True', 'use_experimental_parser': 'False', 'empty': 'False', 'quiet': 'False', 'no_print': 'None', 'warn_error_options': 'WarnErrorOptions(include=[], exclude=[])', 'static_parser': 'True', 'log_format': 'default', 'introspect': 'True', 'target_path': 'None', 'invocation_command': 'dbt run', 'send_anonymous_usage_stats': 'True'}
[0m20:52:07.127788 [debug] [MainThread]: Sending event: {'category': 'dbt', 'action': 'project_id', 'label': 'abc439ba-c1ba-42bb-b196-3d3e73f6ed5f', 'context': [<snowplow_tracker.self_describing_json.SelfDescribingJson object at 0x7f11eea69950>]}
[0m20:52:07.169151 [debug] [MainThread]: Sending event: {'category': 'dbt', 'action': 'adapter_info', 'label': 'abc439ba-c1ba-42bb-b196-3d3e73f6ed5f', 'context': [<snowplow_tracker.self_describing_json.SelfDescribingJson object at 0x7f11f074d850>]}
[0m20:52:07.170952 [info ] [MainThread]: Registered adapter: postgres=1.8.2
[0m20:52:07.187688 [debug] [MainThread]: checksum: 30bd4080c2bc8dee5936f8f60083ffbe1c906859d0fd965607c2144031479456, vars: {}, profile: , target: , version: 1.8.3
[0m20:52:07.190437 [info ] [MainThread]: Unable to do partial parsing because saved manifest not found. Starting full parse.
[0m20:52:07.191320 [debug] [MainThread]: Sending event: {'category': 'dbt', 'action': 'partial_parser', 'label': 'abc439ba-c1ba-42bb-b196-3d3e73f6ed5f', 'context': [<snowplow_tracker.self_describing_json.SelfDescribingJson object at 0x7f11ed21f510>]}
[0m20:52:08.123577 [debug] [MainThread]: Sending event: {'category': 'dbt', 'action': 'load_project', 'label': 'abc439ba-c1ba-42bb-b196-3d3e73f6ed5f', 'context': [<snowplow_tracker.self_describing_json.SelfDescribingJson object at 0x7f11ed1a2b50>]}
[0m20:52:08.263988 [debug] [MainThread]: Sending event: {'category': 'dbt', 'action': 'resource_counts', 'label': 'abc439ba-c1ba-42bb-b196-3d3e73f6ed5f', 'context': [<snowplow_tracker.self_describing_json.SelfDescribingJson object at 0x7f11ec112e50>]}
[0m20:52:08.264885 [info ] [MainThread]: Found 2 models, 5 sources, 415 macros
[0m20:52:08.265730 [debug] [MainThread]: Sending event: {'category': 'dbt', 'action': 'runnable_timing', 'label': 'abc439ba-c1ba-42bb-b196-3d3e73f6ed5f', 'context': [<snowplow_tracker.self_describing_json.SelfDescribingJson object at 0x7f11d7d0f6d0>]}
[0m20:52:08.268779 [info ] [MainThread]: 
[0m20:52:08.270110 [debug] [MainThread]: Acquiring new postgres connection 'master'
[0m20:52:08.276384 [debug] [ThreadPool]: Acquiring new postgres connection 'list_mnemos'
[0m20:52:08.385926 [debug] [ThreadPool]: Using postgres connection "list_mnemos"
[0m20:52:08.386973 [debug] [ThreadPool]: On list_mnemos: /* {"app": "dbt", "dbt_version": "1.8.3", "profile_name": "mnemos", "target_name": "dev", "connection_name": "list_mnemos"} */

    select distinct nspname from pg_namespace
  
[0m20:52:08.387948 [debug] [ThreadPool]: Opening a new connection, currently in state init
[0m20:52:08.415707 [debug] [ThreadPool]: SQL status: SELECT 4 in 0.0 seconds
[0m20:52:08.417644 [debug] [ThreadPool]: On list_mnemos: Close
[0m20:52:08.419097 [debug] [ThreadPool]: Re-using an available connection from the pool (formerly list_mnemos, now create_mnemos_analytics)
[0m20:52:08.419974 [debug] [ThreadPool]: Creating schema "database: "mnemos"
schema: "analytics"
"
[0m20:52:08.426072 [debug] [ThreadPool]: Using postgres connection "create_mnemos_analytics"
[0m20:52:08.427112 [debug] [ThreadPool]: On create_mnemos_analytics: BEGIN
[0m20:52:08.427952 [debug] [ThreadPool]: Opening a new connection, currently in state closed
[0m20:52:08.445376 [debug] [ThreadPool]: SQL status: BEGIN in 0.0 seconds
[0m20:52:08.446358 [debug] [ThreadPool]: Using postgres connection "create_mnemos_analytics"
[0m20:52:08.447066 [debug] [ThreadPool]: On create_mnemos_analytics: /* {"app": "dbt", "dbt_version": "1.8.3", "profile_name": "mnemos", "target_name": "dev", "connection_name": "create_mnemos_analytics"} */
create schema if not exists "analytics"
[0m20:52:08.451551 [debug] [ThreadPool]: SQL status: CREATE SCHEMA in 0.0 seconds
[0m20:52:08.452824 [debug] [ThreadPool]: On create_mnemos_analytics: COMMIT
[0m20:52:08.453561 [debug] [ThreadPool]: Using postgres connection "create_mnemos_analytics"
[0m20:52:08.454217 [debug] [ThreadPool]: On create_mnemos_analytics: COMMIT
[0m20:52:08.455801 [debug] [ThreadPool]: SQL status: COMMIT in 0.0 seconds
[0m20:52:08.456400 [debug] [ThreadPool]: On create_mnemos_analytics: Close
[0m20:52:08.458339 [debug] [ThreadPool]: Re-using an available connection from the pool (formerly create_mnemos_analytics, now list_mnemos_analytics)
[0m20:52:08.464258 [debug] [ThreadPool]: Using postgres connection "list_mnemos_analytics"
[0m20:52:08.465183 [debug] [ThreadPool]: On list_mnemos_analytics: BEGIN
[0m20:52:08.465904 [debug] [ThreadPool]: Opening a new connection, currently in state closed
[0m20:52:08.475733 [debug] [ThreadPool]: SQL status: BEGIN in 0.0 seconds
[0m20:52:08.476762 [debug] [ThreadPool]: Using postgres connection "list_mnemos_analytics"
[0m20:52:08.477432 [debug] [ThreadPool]: On list_mnemos_analytics: /* {"app": "dbt", "dbt_version": "1.8.3", "profile_name": "mnemos", "target_name": "dev", "connection_name": "list_mnemos_analytics"} */
select
      'mnemos' as database,
      tablename as name,
      schemaname as schema,
      'table' as type
    from pg_tables
    where schemaname ilike 'analytics'
    union all
    select
      'mnemos' as database,
      viewname as name,
      schemaname as schema,
      'view' as type
    from pg_views
    where schemaname ilike 'analytics'
    union all
    select
      'mnemos' as database,
      matviewname as name,
      schemaname as schema,
      'materialized_view' as type
    from pg_matviews
    where schemaname ilike 'analytics'
  
[0m20:52:08.493305 [debug] [ThreadPool]: SQL status: SELECT 0 in 0.0 seconds
[0m20:52:08.495004 [debug] [ThreadPool]: On list_mnemos_analytics: ROLLBACK
[0m20:52:08.495953 [debug] [ThreadPool]: On list_mnemos_analytics: Close
[0m20:52:08.500415 [debug] [MainThread]: Using postgres connection "master"
[0m20:52:08.501120 [debug] [MainThread]: On master: BEGIN
[0m20:52:08.501727 [debug] [MainThread]: Opening a new connection, currently in state init
[0m20:52:08.509782 [debug] [MainThread]: SQL status: BEGIN in 0.0 seconds
[0m20:52:08.510647 [debug] [MainThread]: Using postgres connection "master"
[0m20:52:08.511424 [debug] [MainThread]: On master: /* {"app": "dbt", "dbt_version": "1.8.3", "profile_name": "mnemos", "target_name": "dev", "connection_name": "master"} */
with relation as (
        select
            pg_rewrite.ev_class as class,
            pg_rewrite.oid as id
        from pg_rewrite
    ),
    class as (
        select
            oid as id,
            relname as name,
            relnamespace as schema,
            relkind as kind
        from pg_class
    ),
    dependency as (
        select distinct
            pg_depend.objid as id,
            pg_depend.refobjid as ref
        from pg_depend
    ),
    schema as (
        select
            pg_namespace.oid as id,
            pg_namespace.nspname as name
        from pg_namespace
        where nspname != 'information_schema' and nspname not like 'pg\_%'
    ),
    referenced as (
        select
            relation.id AS id,
            referenced_class.name ,
            referenced_class.schema ,
            referenced_class.kind
        from relation
        join class as referenced_class on relation.class=referenced_class.id
        where referenced_class.kind in ('r', 'v', 'm')
    ),
    relationships as (
        select
            referenced.name as referenced_name,
            referenced.schema as referenced_schema_id,
            dependent_class.name as dependent_name,
            dependent_class.schema as dependent_schema_id,
            referenced.kind as kind
        from referenced
        join dependency on referenced.id=dependency.id
        join class as dependent_class on dependency.ref=dependent_class.id
        where
            (referenced.name != dependent_class.name or
             referenced.schema != dependent_class.schema)
    )

    select
        referenced_schema.name as referenced_schema,
        relationships.referenced_name as referenced_name,
        dependent_schema.name as dependent_schema,
        relationships.dependent_name as dependent_name
    from relationships
    join schema as dependent_schema on relationships.dependent_schema_id=dependent_schema.id
    join schema as referenced_schema on relationships.referenced_schema_id=referenced_schema.id
    group by referenced_schema, referenced_name, dependent_schema, dependent_name
    order by referenced_schema, referenced_name, dependent_schema, dependent_name;
[0m20:52:08.527978 [debug] [MainThread]: SQL status: SELECT 0 in 0.0 seconds
[0m20:52:08.529596 [debug] [MainThread]: Sending event: {'category': 'dbt', 'action': 'runnable_timing', 'label': 'abc439ba-c1ba-42bb-b196-3d3e73f6ed5f', 'context': [<snowplow_tracker.self_describing_json.SelfDescribingJson object at 0x7f11ed065950>]}
[0m20:52:08.530761 [debug] [MainThread]: On master: ROLLBACK
[0m20:52:08.532150 [debug] [MainThread]: Using postgres connection "master"
[0m20:52:08.532907 [debug] [MainThread]: On master: BEGIN
[0m20:52:08.533992 [debug] [MainThread]: SQL status: BEGIN in 0.0 seconds
[0m20:52:08.534560 [debug] [MainThread]: On master: COMMIT
[0m20:52:08.535087 [debug] [MainThread]: Using postgres connection "master"
[0m20:52:08.535733 [debug] [MainThread]: On master: COMMIT
[0m20:52:08.538292 [debug] [MainThread]: SQL status: COMMIT in 0.0 seconds
[0m20:52:08.538909 [debug] [MainThread]: On master: Close
[0m20:52:08.539778 [info ] [MainThread]: Concurrency: 1 threads (target='dev')
[0m20:52:08.540593 [info ] [MainThread]: 
[0m20:52:08.559664 [debug] [Thread-1 (]: Began running node model.mnemos.assets_summary
[0m20:52:08.560782 [info ] [Thread-1 (]: 1 of 2 START sql view model analytics.assets_summary ........................... [RUN]
[0m20:52:08.561900 [debug] [Thread-1 (]: Re-using an available connection from the pool (formerly list_mnemos_analytics, now model.mnemos.assets_summary)
[0m20:52:08.562549 [debug] [Thread-1 (]: Began compiling node model.mnemos.assets_summary
[0m20:52:08.569802 [debug] [Thread-1 (]: Writing injected SQL for node "model.mnemos.assets_summary"
[0m20:52:08.579069 [debug] [Thread-1 (]: Began executing node model.mnemos.assets_summary
[0m20:52:08.607881 [debug] [Thread-1 (]: Writing runtime sql for node "model.mnemos.assets_summary"
[0m20:52:08.621543 [debug] [Thread-1 (]: Using postgres connection "model.mnemos.assets_summary"
[0m20:52:08.622460 [debug] [Thread-1 (]: On model.mnemos.assets_summary: BEGIN
[0m20:52:08.623178 [debug] [Thread-1 (]: Opening a new connection, currently in state closed
[0m20:52:08.640100 [debug] [Thread-1 (]: SQL status: BEGIN in 0.0 seconds
[0m20:52:08.641045 [debug] [Thread-1 (]: Using postgres connection "model.mnemos.assets_summary"
[0m20:52:08.641837 [debug] [Thread-1 (]: On model.mnemos.assets_summary: /* {"app": "dbt", "dbt_version": "1.8.3", "profile_name": "mnemos", "target_name": "dev", "node_id": "model.mnemos.assets_summary"} */

  create view "mnemos"."analytics"."assets_summary__dbt_tmp"
    
    
  as (
    SELECT
  u.name as usuario,
  COUNT(a.id) as total_assets,
  COUNT(CASE WHEN a.mime_type LIKE 'image/%' THEN 1 END) as imagenes,
  COUNT(CASE WHEN a.mime_type = 'application/pdf' THEN 1 END) as pdfs,
  DATE_TRUNC('month', a.created_at) as mes
FROM "mnemos"."public"."assets" a
LEFT JOIN "mnemos"."public"."users" u ON a.user_id = u.id
GROUP BY u.name, DATE_TRUNC('month', a.created_at)
  );
[0m20:52:08.665123 [debug] [Thread-1 (]: SQL status: CREATE VIEW in 0.0 seconds
[0m20:52:08.671458 [debug] [Thread-1 (]: Using postgres connection "model.mnemos.assets_summary"
[0m20:52:08.673297 [debug] [Thread-1 (]: On model.mnemos.assets_summary: /* {"app": "dbt", "dbt_version": "1.8.3", "profile_name": "mnemos", "target_name": "dev", "node_id": "model.mnemos.assets_summary"} */
alter table "mnemos"."analytics"."assets_summary__dbt_tmp" rename to "assets_summary"
[0m20:52:08.675235 [debug] [Thread-1 (]: SQL status: ALTER TABLE in 0.0 seconds
[0m20:52:08.686890 [debug] [Thread-1 (]: On model.mnemos.assets_summary: COMMIT
[0m20:52:08.688005 [debug] [Thread-1 (]: Using postgres connection "model.mnemos.assets_summary"
[0m20:52:08.689016 [debug] [Thread-1 (]: On model.mnemos.assets_summary: COMMIT
[0m20:52:08.692809 [debug] [Thread-1 (]: SQL status: COMMIT in 0.0 seconds
[0m20:52:08.698732 [debug] [Thread-1 (]: Applying DROP to: "mnemos"."analytics"."assets_summary__dbt_backup"
[0m20:52:08.703086 [debug] [Thread-1 (]: Using postgres connection "model.mnemos.assets_summary"
[0m20:52:08.704020 [debug] [Thread-1 (]: On model.mnemos.assets_summary: /* {"app": "dbt", "dbt_version": "1.8.3", "profile_name": "mnemos", "target_name": "dev", "node_id": "model.mnemos.assets_summary"} */
drop view if exists "mnemos"."analytics"."assets_summary__dbt_backup" cascade
[0m20:52:08.705480 [debug] [Thread-1 (]: SQL status: DROP VIEW in 0.0 seconds
[0m20:52:08.707862 [debug] [Thread-1 (]: On model.mnemos.assets_summary: Close
[0m20:52:08.709597 [debug] [Thread-1 (]: Sending event: {'category': 'dbt', 'action': 'run_model', 'label': 'abc439ba-c1ba-42bb-b196-3d3e73f6ed5f', 'context': [<snowplow_tracker.self_describing_json.SelfDescribingJson object at 0x7f11ec1e4690>]}
[0m20:52:08.710998 [info ] [Thread-1 (]: 1 of 2 OK created sql view model analytics.assets_summary ...................... [[32mCREATE VIEW[0m in 0.15s]
[0m20:52:08.712200 [debug] [Thread-1 (]: Finished running node model.mnemos.assets_summary
[0m20:52:08.713146 [debug] [Thread-1 (]: Began running node model.mnemos.consents_summary
[0m20:52:08.714195 [info ] [Thread-1 (]: 2 of 2 START sql view model analytics.consents_summary ......................... [RUN]
[0m20:52:08.715699 [debug] [Thread-1 (]: Re-using an available connection from the pool (formerly model.mnemos.assets_summary, now model.mnemos.consents_summary)
[0m20:52:08.716488 [debug] [Thread-1 (]: Began compiling node model.mnemos.consents_summary
[0m20:52:08.720831 [debug] [Thread-1 (]: Writing injected SQL for node "model.mnemos.consents_summary"
[0m20:52:08.725508 [debug] [Thread-1 (]: Began executing node model.mnemos.consents_summary
[0m20:52:08.729608 [debug] [Thread-1 (]: Writing runtime sql for node "model.mnemos.consents_summary"
[0m20:52:08.734182 [debug] [Thread-1 (]: Using postgres connection "model.mnemos.consents_summary"
[0m20:52:08.734942 [debug] [Thread-1 (]: On model.mnemos.consents_summary: BEGIN
[0m20:52:08.735601 [debug] [Thread-1 (]: Opening a new connection, currently in state closed
[0m20:52:08.739281 [debug] [Thread-1 (]: SQL status: BEGIN in 0.0 seconds
[0m20:52:08.740251 [debug] [Thread-1 (]: Using postgres connection "model.mnemos.consents_summary"
[0m20:52:08.740981 [debug] [Thread-1 (]: On model.mnemos.consents_summary: /* {"app": "dbt", "dbt_version": "1.8.3", "profile_name": "mnemos", "target_name": "dev", "node_id": "model.mnemos.consents_summary"} */

  create view "mnemos"."analytics"."consents_summary__dbt_tmp"
    
    
  as (
    SELECT
  COUNT(*) as total_consentimientos,
  COUNT(CASE WHEN status = 'obtained' THEN 1 END) as aprobados,
  COUNT(CASE WHEN status = 'denied' THEN 1 END) as rechazados,
  COUNT(CASE WHEN status = 'pending' THEN 1 END) as pendientes,
  DATE_TRUNC('month', created_at) as mes
FROM "mnemos"."public"."consents"
GROUP BY DATE_TRUNC('month', created_at)
  );
[0m20:52:08.747394 [debug] [Thread-1 (]: SQL status: CREATE VIEW in 0.0 seconds
[0m20:52:08.751022 [debug] [Thread-1 (]: Using postgres connection "model.mnemos.consents_summary"
[0m20:52:08.751784 [debug] [Thread-1 (]: On model.mnemos.consents_summary: /* {"app": "dbt", "dbt_version": "1.8.3", "profile_name": "mnemos", "target_name": "dev", "node_id": "model.mnemos.consents_summary"} */
alter table "mnemos"."analytics"."consents_summary__dbt_tmp" rename to "consents_summary"
[0m20:52:08.753273 [debug] [Thread-1 (]: SQL status: ALTER TABLE in 0.0 seconds
[0m20:52:08.755225 [debug] [Thread-1 (]: On model.mnemos.consents_summary: COMMIT
[0m20:52:08.756025 [debug] [Thread-1 (]: Using postgres connection "model.mnemos.consents_summary"
[0m20:52:08.756770 [debug] [Thread-1 (]: On model.mnemos.consents_summary: COMMIT
[0m20:52:08.758616 [debug] [Thread-1 (]: SQL status: COMMIT in 0.0 seconds
[0m20:52:08.761942 [debug] [Thread-1 (]: Applying DROP to: "mnemos"."analytics"."consents_summary__dbt_backup"
[0m20:52:08.762918 [debug] [Thread-1 (]: Using postgres connection "model.mnemos.consents_summary"
[0m20:52:08.763606 [debug] [Thread-1 (]: On model.mnemos.consents_summary: /* {"app": "dbt", "dbt_version": "1.8.3", "profile_name": "mnemos", "target_name": "dev", "node_id": "model.mnemos.consents_summary"} */
drop view if exists "mnemos"."analytics"."consents_summary__dbt_backup" cascade
[0m20:52:08.764752 [debug] [Thread-1 (]: SQL status: DROP VIEW in 0.0 seconds
[0m20:52:08.766323 [debug] [Thread-1 (]: On model.mnemos.consents_summary: Close
[0m20:52:08.767367 [debug] [Thread-1 (]: Sending event: {'category': 'dbt', 'action': 'run_model', 'label': 'abc439ba-c1ba-42bb-b196-3d3e73f6ed5f', 'context': [<snowplow_tracker.self_describing_json.SelfDescribingJson object at 0x7f11d73c1490>]}
[0m20:52:08.768473 [info ] [Thread-1 (]: 2 of 2 OK created sql view model analytics.consents_summary .................... [[32mCREATE VIEW[0m in 0.05s]
[0m20:52:08.769628 [debug] [Thread-1 (]: Finished running node model.mnemos.consents_summary
[0m20:52:08.772491 [debug] [MainThread]: Using postgres connection "master"
[0m20:52:08.773142 [debug] [MainThread]: On master: BEGIN
[0m20:52:08.773740 [debug] [MainThread]: Opening a new connection, currently in state closed
[0m20:52:08.777296 [debug] [MainThread]: SQL status: BEGIN in 0.0 seconds
[0m20:52:08.777946 [debug] [MainThread]: On master: COMMIT
[0m20:52:08.778546 [debug] [MainThread]: Using postgres connection "master"
[0m20:52:08.779144 [debug] [MainThread]: On master: COMMIT
[0m20:52:08.779899 [debug] [MainThread]: SQL status: COMMIT in 0.0 seconds
[0m20:52:08.780484 [debug] [MainThread]: On master: Close
[0m20:52:08.781185 [debug] [MainThread]: Connection 'master' was properly closed.
[0m20:52:08.781784 [debug] [MainThread]: Connection 'model.mnemos.consents_summary' was properly closed.
[0m20:52:08.782410 [info ] [MainThread]: 
[0m20:52:08.783125 [info ] [MainThread]: Finished running 2 view models in 0 hours 0 minutes and 0.51 seconds (0.51s).
[0m20:52:08.784258 [debug] [MainThread]: Command end result
[0m20:52:08.824925 [info ] [MainThread]: 
[0m20:52:08.826089 [info ] [MainThread]: [32mCompleted successfully[0m
[0m20:52:08.827121 [info ] [MainThread]: 
[0m20:52:08.828164 [info ] [MainThread]: Done. PASS=2 WARN=0 ERROR=0 SKIP=0 TOTAL=2
[0m20:52:08.829509 [debug] [MainThread]: Resource report: {"command_name": "run", "command_success": true, "command_wall_clock_time": 1.9267282, "process_user_time": 2.635229, "process_kernel_time": 0.715986, "process_mem_max_rss": "116920", "process_out_blocks": "1272", "process_in_blocks": "0"}
[0m20:52:08.830386 [debug] [MainThread]: Command `dbt run` succeeded at 20:52:08.830279 after 1.93 seconds
[0m20:52:08.831073 [debug] [MainThread]: Sending event: {'category': 'dbt', 'action': 'invocation', 'label': 'end', 'context': [<snowplow_tracker.self_describing_json.SelfDescribingJson object at 0x7f11eeb94ed0>, <snowplow_tracker.self_describing_json.SelfDescribingJson object at 0x7f11eeb95fd0>, <snowplow_tracker.self_describing_json.SelfDescribingJson object at 0x7f11f2ac02d0>]}
[0m20:52:08.831775 [debug] [MainThread]: Flushing usage events
